<?xml version="1.0" encoding="UTF-8"?>
<testng-results ignored="0" total="1" passed="1" failed="0" skipped="0">
  <reporter-output>
  </reporter-output>
  <suite started-at="2024-03-04T12:30:32 IST" name="Default suite" finished-at="2024-03-04T12:30:36 IST" duration-ms="4016">
    <groups>
    </groups>
    <test started-at="2024-03-04T12:30:32 IST" name="Default test" finished-at="2024-03-04T12:30:36 IST" duration-ms="4016">
      <class name="base.Extentdemo">
        <test-method is-config="true" signature="Setup()[pri:0, instance:base.Extentdemo@23e84203]" started-at="2024-03-04T12:30:32 IST" name="Setup" finished-at="2024-03-04T12:30:32 IST" duration-ms="295" status="PASS">
          <reporter-output>
          </reporter-output>
        </test-method> <!-- Setup -->
        <test-method signature="Check_page()[pri:0, instance:base.Extentdemo@23e84203]" started-at="2024-03-04T12:30:32 IST" name="Check_page" finished-at="2024-03-04T12:30:35 IST" duration-ms="3546" status="PASS">
          <reporter-output>
          </reporter-output>
        </test-method> <!-- Check_page -->
        <test-method is-config="true" signature="teardown()[pri:0, instance:base.Extentdemo@23e84203]" started-at="2024-03-04T12:30:35 IST" name="teardown" finished-at="2024-03-04T12:30:36 IST" duration-ms="137" status="PASS">
          <reporter-output>
          </reporter-output>
        </test-method> <!-- teardown -->
      </class> <!-- base.Extentdemo -->
    </test> <!-- Default test -->
  </suite> <!-- Default suite -->
</testng-results>
